# JRE version: OpenJDK Runtime Environment Temurin-17.0.6+10 (17.0.6+10) (build 17.0.6+10)
# Java VM: OpenJDK 64-Bit Server VM Temurin-17.0.6+10 (17.0.6+10, mixed mode, tiered, compressed oops, compressed class ptrs, g1 gc, windows-amd64)
GC Precious Log:
 CPUs: 4 total, 4 available
 Memory: 3880M
 Large Page Support: Disabled
 NUMA Support: Disabled
 Compressed Oops: Enabled (32-bit)
 Heap Region Size: 1M
 Heap Min Capacity: 8M
 Heap Initial Capacity: 62M
 Heap Max Capacity: 972M
 Pre-touch: Disabled
 Parallel Workers: 4
 Concurrent Workers: 1
 Concurrent Refinement Workers: 4
 Periodic GC: Disabled
Heap:
 garbage-first heap   total 34816K, used 16938K [0x00000000c3400000, 0x0000000100000000)
  region size 1024K, 11 young (11264K), 3 survivors (3072K)
 Metaspace       used 27334K, committed 27584K, reserved 1081344K
  class space    used 3071K, committed 3200K, reserved 1048576K
GC Heap History (10 events):
Event: 3.568 GC heap before
{Heap before GC invocations=0 (full 0):
 garbage-first heap   total 63488K, used 12288K [0x00000000c3400000, 0x0000000100000000)
  region size 1024K, 13 young (13312K), 0 survivors (0K)
 Metaspace       used 11650K, committed 11776K, reserved 1064960K
  class space    used 1101K, committed 1152K, reserved 1048576K
}
Event: 3.582 GC heap after
{Heap after GC invocations=1 (full 0):
 garbage-first heap   total 63488K, used 5217K [0x00000000c3400000, 0x0000000100000000)
  region size 1024K, 2 young (2048K), 2 survivors (2048K)
 Metaspace       used 11650K, committed 11776K, reserved 1064960K
  class space    used 1101K, committed 1152K, reserved 1048576K
}
Event: 4.416 GC heap before
{Heap before GC invocations=1 (full 0):
 garbage-first heap   total 63488K, used 15457K [0x00000000c3400000, 0x0000000100000000)
  region size 1024K, 13 young (13312K), 2 survivors (2048K)
 Metaspace       used 15405K, committed 15616K, reserved 1064960K
  class space    used 1497K, committed 1600K, reserved 1048576K
}
Event: 4.421 GC heap after
{Heap after GC invocations=2 (full 0):
 garbage-first heap   total 63488K, used 7065K [0x00000000c3400000, 0x0000000100000000)
  region size 1024K, 2 young (2048K), 2 survivors (2048K)
 Metaspace       used 15405K, committed 15616K, reserved 1064960K
  class space    used 1497K, committed 1600K, reserved 1048576K
}
Event: 5.732 GC heap before
{Heap before GC invocations=2 (full 0):
 garbage-first heap   total 63488K, used 25497K [0x00000000c3400000, 0x0000000100000000)
  region size 1024K, 21 young (21504K), 2 survivors (2048K)
 Metaspace       used 20412K, committed 20672K, reserved 1073152K
  class space    used 2126K, committed 2240K, reserved 1048576K
}
Event: 5.736 GC heap after
{Heap after GC invocations=3 (full 0):
 garbage-first heap   total 63488K, used 8391K [0x00000000c3400000, 0x0000000100000000)
  region size 1024K, 3 young (3072K), 3 survivors (3072K)
 Metaspace       used 20412K, committed 20672K, reserved 1073152K
  class space    used 2126K, committed 2240K, reserved 1048576K
}
Event: 5.984 GC heap before
{Heap before GC invocations=3 (full 0):
 garbage-first heap   total 63488K, used 11463K [0x00000000c3400000, 0x0000000100000000)
  region size 1024K, 7 young (7168K), 3 survivors (3072K)
 Metaspace       used 21352K, committed 21504K, reserved 1073152K
  class space    used 2280K, committed 2368K, reserved 1048576K
}
Event: 5.990 GC heap after
{Heap after GC invocations=4 (full 0):
 garbage-first heap   total 63488K, used 8618K [0x00000000c3400000, 0x0000000100000000)
  region size 1024K, 2 young (2048K), 2 survivors (2048K)
 Metaspace       used 21352K, committed 21504K, reserved 1073152K
  class space    used 2280K, committed 2368K, reserved 1048576K
}
Event: 7.730 GC heap before
{Heap before GC invocations=5 (full 0):
 garbage-first heap   total 34816K, used 27050K [0x00000000c3400000, 0x0000000100000000)
  region size 1024K, 20 young (20480K), 2 survivors (2048K)
 Metaspace       used 25533K, committed 25856K, reserved 1073152K
  class space    used 2849K, committed 3008K, reserved 1048576K
}
Event: 7.735 GC heap after
{Heap after GC invocations=6 (full 0):
 garbage-first heap   total 34816K, used 10794K [0x00000000c3400000, 0x0000000100000000)
  region size 1024K, 3 young (3072K), 3 survivors (3072K)
 Metaspace       used 25533K, committed 25856K, reserved 1073152K
  class space    used 2849K, committed 3008K, reserved 1048576K
}

