<?xml version="1.0" encoding="UTF-8"?>
<testng-results ignored="0" total="1" passed="1" failed="0" skipped="0">
  <reporter-output>
  </reporter-output>
  <suite started-at="2024-02-02T16:33:47Z" name="Default suite" finished-at="2024-02-02T16:36:08Z" duration-ms="140617">
    <groups>
      <group name="pilot">
        <method signature="BestBuy.testMyAccountPage(java.lang.String, java.lang.String)[pri:0, instance:com.origin.fractal.testauto.test.testsuites.BestBuy@36060e]" name="testMyAccountPage" class="com.origin.fractal.testauto.test.testsuites.BestBuy"/>
      </group> <!-- pilot -->
    </groups>
    <test started-at="2024-02-02T16:33:47Z" name="Default test" finished-at="2024-02-02T16:36:08Z" duration-ms="140617">
      <class name="com.origin.fractal.testauto.test.testsuites.BestBuy">
        <test-method is-config="true" signature="beforeSuite()[pri:0, instance:com.origin.fractal.testauto.test.testsuites.BestBuy@36060e]" started-at="2024-02-02T16:33:47Z" name="beforeSuite" finished-at="2024-02-02T16:33:47Z" duration-ms="11" status="PASS">
          <reporter-output>
          </reporter-output>
        </test-method> <!-- beforeSuite -->
        <test-method is-config="true" signature="beforeTest()[pri:0, instance:com.origin.fractal.testauto.test.testsuites.BestBuy@36060e]" started-at="2024-02-02T16:33:47Z" name="beforeTest" finished-at="2024-02-02T16:33:47Z" duration-ms="0" status="PASS">
          <reporter-output>
          </reporter-output>
        </test-method> <!-- beforeTest -->
        <test-method is-config="true" signature="beforeClass()[pri:0, instance:com.origin.fractal.testauto.test.testsuites.BestBuy@36060e]" started-at="2024-02-02T16:33:47Z" name="beforeClass" finished-at="2024-02-02T16:33:47Z" duration-ms="0" status="PASS">
          <reporter-output>
          </reporter-output>
        </test-method> <!-- beforeClass -->
        <test-method is-config="true" signature="beforeMethod()[pri:0, instance:com.origin.fractal.testauto.test.testsuites.BestBuy@36060e]" started-at="2024-02-02T16:33:47Z" name="beforeMethod" finished-at="2024-02-02T16:33:47Z" duration-ms="0" status="PASS">
          <reporter-output>
          </reporter-output>
        </test-method> <!-- beforeMethod -->
        <test-method signature="testMyAccountPage(java.lang.String, java.lang.String)[pri:0, instance:com.origin.fractal.testauto.test.testsuites.BestBuy@36060e]" started-at="2024-02-02T16:33:47Z" name="testMyAccountPage" description="Sign in and verify menus" data-provider="browers" finished-at="2024-02-02T16:36:08Z" duration-ms="140257" status="PASS">
          <params>
            <param index="0">
              <value>
                <![CDATA[2]]>
              </value>
            </param>
            <param index="1">
              <value>
                <![CDATA[Chrome]]>
              </value>
            </param>
          </params>
          <reporter-output>
          </reporter-output>
        </test-method> <!-- testMyAccountPage -->
        <test-method is-config="true" signature="afterMethod()[pri:0, instance:com.origin.fractal.testauto.test.testsuites.BestBuy@36060e]" started-at="2024-02-02T16:36:08Z" name="afterMethod" finished-at="2024-02-02T16:36:08Z" duration-ms="333" status="PASS">
          <reporter-output>
          </reporter-output>
        </test-method> <!-- afterMethod -->
        <test-method is-config="true" signature="afterClass()[pri:0, instance:com.origin.fractal.testauto.test.testsuites.BestBuy@36060e]" started-at="2024-02-02T16:36:08Z" name="afterClass" finished-at="2024-02-02T16:36:08Z" duration-ms="1" status="PASS">
          <reporter-output>
          </reporter-output>
        </test-method> <!-- afterClass -->
        <test-method is-config="true" signature="afterTest()[pri:0, instance:com.origin.fractal.testauto.test.testsuites.BestBuy@36060e]" started-at="2024-02-02T16:36:08Z" name="afterTest" finished-at="2024-02-02T16:36:08Z" duration-ms="1" status="PASS">
          <reporter-output>
          </reporter-output>
        </test-method> <!-- afterTest -->
        <test-method is-config="true" signature="afterSuite()[pri:0, instance:com.origin.fractal.testauto.test.testsuites.BestBuy@36060e]" started-at="2024-02-02T16:36:08Z" name="afterSuite" finished-at="2024-02-02T16:36:08Z" duration-ms="1" status="PASS">
          <reporter-output>
          </reporter-output>
        </test-method> <!-- afterSuite -->
      </class> <!-- com.origin.fractal.testauto.test.testsuites.BestBuy -->
    </test> <!-- Default test -->
  </suite> <!-- Default suite -->
</testng-results>
